<?xml version="1.0" ?>
<!DOCTYPE coverage SYSTEM 'http://cobertura.sourceforge.net/xml/coverage-04.dtd'>
<!-- Generated using saga-core (http://timurstrekalov.github.com/saga/saga-core/) version 1.5.4 -->
<coverage branch-rate="0.0" branches-covered="0" branches-valid="0" complexity="0" line-rate="0.8708162066940693" lines-valid="1703" lines-covered="1483" timestamp="1376875707" version="1.9">
	<sources>
		<source>/Users/JosePech/git/PFM</source>
	</sources>
	<packages>
		<package name="default" line-rate="0.0" branch-rate="0.0" complexity="0">
			<classes>
				<class name="calendarController.js" filename="src/calendarController.js" line-rate="0.6491228070175439" branch-rate="0.0" complexity="0">
					<methods />
					<lines>
						<line number="5" hits="1" branch="false"/>
						<line number="6" hits="12" branch="false"/>
						<line number="7" hits="0" branch="false"/>
						<line number="10" hits="12" branch="false"/>
						<line number="11" hits="12" branch="false"/>
						<line number="12" hits="12" branch="false"/>
						<line number="13" hits="12" branch="false"/>
						<line number="14" hits="12" branch="false"/>
						<line number="15" hits="12" branch="false"/>
						<line number="16" hits="12" branch="false"/>
						<line number="18" hits="12" branch="false"/>
						<line number="30" hits="12" branch="false"/>
						<line number="31" hits="0" branch="false"/>
						<line number="32" hits="0" branch="false"/>
						<line number="34" hits="0" branch="false"/>
						<line number="35" hits="0" branch="false"/>
						<line number="36" hits="0" branch="false"/>
						<line number="37" hits="0" branch="false"/>
						<line number="38" hits="0" branch="false"/>
						<line number="39" hits="0" branch="false"/>
						<line number="40" hits="0" branch="false"/>
						<line number="41" hits="0" branch="false"/>
						<line number="42" hits="0" branch="false"/>
						<line number="52" hits="0" branch="false"/>
						<line number="53" hits="0" branch="false"/>
						<line number="63" hits="0" branch="false"/>
						<line number="66" hits="12" branch="false"/>
						<line number="67" hits="1" branch="false"/>
						<line number="68" hits="1" branch="false"/>
						<line number="70" hits="1" branch="false"/>
						<line number="72" hits="1" branch="false"/>
						<line number="73" hits="1" branch="false"/>
						<line number="74" hits="0" branch="false"/>
						<line number="75" hits="0" branch="false"/>
						<line number="79" hits="1" branch="false"/>
						<line number="80" hits="1" branch="false"/>
						<line number="81" hits="1" branch="false"/>
						<line number="82" hits="1" branch="false"/>
						<line number="83" hits="12" branch="false"/>
						<line number="84" hits="12" branch="false"/>
						<line number="85" hits="10" branch="false"/>
						<line number="86" hits="10" branch="false"/>
						<line number="87" hits="2" branch="false"/>
						<line number="88" hits="2" branch="false"/>
						<line number="91" hits="10" branch="false"/>
						<line number="92" hits="8" branch="false"/>
						<line number="95" hits="12" branch="false"/>
						<line number="98" hits="0" branch="false"/>
						<line number="102" hits="1" branch="false"/>
						<line number="105" hits="12" branch="false"/>
						<line number="106" hits="11" branch="false"/>
						<line number="107" hits="11" branch="false"/>
						<line number="108" hits="11" branch="false"/>
						<line number="111" hits="12" branch="false"/>
						<line number="112" hits="0" branch="false"/>
						<line number="113" hits="0" branch="false"/>
						<line number="115" hits="12" branch="false"/>
					</lines>
				</class>
				<class name="scheduleController.js" filename="src/scheduleController.js" line-rate="0.673469387755102" branch-rate="0.0" complexity="0">
					<methods />
					<lines>
						<line number="4" hits="1" branch="false"/>
						<line number="6" hits="6" branch="false"/>
						<line number="7" hits="0" branch="false"/>
						<line number="9" hits="6" branch="false"/>
						<line number="10" hits="6" branch="false"/>
						<line number="11" hits="6" branch="false"/>
						<line number="12" hits="6" branch="false"/>
						<line number="13" hits="4" branch="false"/>
						<line number="14" hits="4" branch="false"/>
						<line number="15" hits="4" branch="false"/>
						<line number="17" hits="4" branch="false"/>
						<line number="18" hits="4" branch="false"/>
						<line number="20" hits="4" branch="false"/>
						<line number="21" hits="4" branch="false"/>
						<line number="23" hits="4" branch="false"/>
						<line number="24" hits="4" branch="false"/>
						<line number="26" hits="4" branch="false"/>
						<line number="27" hits="4" branch="false"/>
						<line number="29" hits="4" branch="false"/>
						<line number="30" hits="0" branch="false"/>
						<line number="32" hits="4" branch="false"/>
						<line number="33" hits="0" branch="false"/>
						<line number="35" hits="4" branch="false"/>
						<line number="38" hits="6" branch="false"/>
						<line number="39" hits="3" branch="false"/>
						<line number="41" hits="6" branch="false"/>
						<line number="42" hits="4" branch="false"/>
						<line number="50" hits="6" branch="false"/>
						<line number="51" hits="2" branch="false"/>
						<line number="53" hits="6" branch="false"/>
						<line number="54" hits="1" branch="false"/>
						<line number="56" hits="6" branch="false"/>
						<line number="57" hits="1" branch="false"/>
						<line number="60" hits="6" branch="false"/>
						<line number="61" hits="0" branch="false"/>
						<line number="70" hits="0" branch="false"/>
						<line number="71" hits="0" branch="false"/>
						<line number="75" hits="6" branch="false"/>
						<line number="76" hits="0" branch="false"/>
						<line number="78" hits="0" branch="false"/>
						<line number="79" hits="0" branch="false"/>
						<line number="80" hits="0" branch="false"/>
						<line number="81" hits="0" branch="false"/>
						<line number="82" hits="0" branch="false"/>
						<line number="83" hits="0" branch="false"/>
						<line number="84" hits="0" branch="false"/>
						<line number="85" hits="0" branch="false"/>
						<line number="88" hits="6" branch="false"/>
						<line number="89" hits="0" branch="false"/>
					</lines>
				</class>
				<class name="resourceController.js" filename="src/resourceController.js" line-rate="0.7474747474747475" branch-rate="0.0" complexity="0">
					<methods />
					<lines>
						<line number="5" hits="1" branch="false"/>
						<line number="6" hits="256" branch="false"/>
						<line number="7" hits="256" branch="false"/>
						<line number="8" hits="0" branch="false"/>
						<line number="9" hits="0" branch="false"/>
						<line number="12" hits="256" branch="false"/>
						<line number="13" hits="0" branch="false"/>
						<line number="14" hits="0" branch="false"/>
						<line number="18" hits="256" branch="false"/>
						<line number="19" hits="7476" branch="false"/>
						<line number="20" hits="0" branch="false"/>
						<line number="21" hits="7476" branch="false"/>
						<line number="24" hits="256" branch="false"/>
						<line number="25" hits="0" branch="false"/>
						<line number="26" hits="0" branch="false"/>
						<line number="29" hits="256" branch="false"/>
						<line number="30" hits="256" branch="false"/>
						<line number="31" hits="256" branch="false"/>
						<line number="32" hits="256" branch="false"/>
						<line number="33" hits="256" branch="false"/>
						<line number="35" hits="256" branch="false"/>
						<line number="36" hits="0" branch="false"/>
						<line number="37" hits="0" branch="false"/>
						<line number="38" hits="0" branch="false"/>
						<line number="39" hits="0" branch="false"/>
						<line number="40" hits="0" branch="false"/>
						<line number="41" hits="0" branch="false"/>
						<line number="42" hits="0" branch="false"/>
						<line number="43" hits="0" branch="false"/>
						<line number="44" hits="0" branch="false"/>
						<line number="47" hits="256" branch="false"/>
						<line number="48" hits="0" branch="false"/>
						<line number="49" hits="0" branch="false"/>
						<line number="50" hits="0" branch="false"/>
						<line number="53" hits="256" branch="false"/>
						<line number="54" hits="1024" branch="false"/>
						<line number="55" hits="1024" branch="false"/>
						<line number="56" hits="1024" branch="false"/>
						<line number="58" hits="1024" branch="false"/>
						<line number="59" hits="1024" branch="false"/>
						<line number="60" hits="1024" branch="false"/>
						<line number="61" hits="1024" branch="false"/>
						<line number="62" hits="1024" branch="false"/>
						<line number="63" hits="1024" branch="false"/>
						<line number="64" hits="1024" branch="false"/>
						<line number="65" hits="1024" branch="false"/>
						<line number="66" hits="4" branch="false"/>
						<line number="72" hits="1024" branch="false"/>
						<line number="73" hits="1024" branch="false"/>
						<line number="74" hits="1024" branch="false"/>
						<line number="75" hits="1024" branch="false"/>
						<line number="76" hits="1024" branch="false"/>
						<line number="77" hits="1024" branch="false"/>
						<line number="78" hits="1024" branch="false"/>
						<line number="79" hits="1024" branch="false"/>
						<line number="80" hits="232" branch="false"/>
						<line number="86" hits="1024" branch="false"/>
						<line number="87" hits="1024" branch="false"/>
						<line number="88" hits="1024" branch="false"/>
						<line number="89" hits="1024" branch="false"/>
						<line number="90" hits="1024" branch="false"/>
						<line number="91" hits="1024" branch="false"/>
						<line number="92" hits="1024" branch="false"/>
						<line number="93" hits="1024" branch="false"/>
						<line number="94" hits="8" branch="false"/>
						<line number="100" hits="1024" branch="false"/>
						<line number="101" hits="8" branch="false"/>
						<line number="103" hits="1024" branch="false"/>
						<line number="104" hits="8" branch="false"/>
						<line number="106" hits="1024" branch="false"/>
						<line number="107" hits="8" branch="false"/>
						<line number="109" hits="1024" branch="false"/>
						<line number="110" hits="8" branch="false"/>
						<line number="112" hits="1024" branch="false"/>
						<line number="113" hits="8" branch="false"/>
						<line number="115" hits="1024" branch="false"/>
						<line number="116" hits="8" branch="false"/>
						<line number="118" hits="1024" branch="false"/>
						<line number="119" hits="8" branch="false"/>
						<line number="121" hits="1024" branch="false"/>
						<line number="122" hits="4" branch="false"/>
						<line number="128" hits="1024" branch="false"/>
						<line number="129" hits="4" branch="false"/>
						<line number="132" hits="1024" branch="false"/>
						<line number="133" hits="4" branch="false"/>
						<line number="136" hits="1024" branch="false"/>
						<line number="137" hits="4" branch="false"/>
						<line number="140" hits="1024" branch="false"/>
						<line number="141" hits="4" branch="false"/>
						<line number="144" hits="1024" branch="false"/>
						<line number="145" hits="4" branch="false"/>
						<line number="148" hits="1024" branch="false"/>
						<line number="149" hits="4" branch="false"/>
						<line number="152" hits="1024" branch="false"/>
						<line number="153" hits="4" branch="false"/>
						<line number="156" hits="1024" branch="false"/>
						<line number="157" hits="4" branch="false"/>
						<line number="160" hits="1024" branch="false"/>
						<line number="161" hits="16" branch="false"/>
						<line number="164" hits="1024" branch="false"/>
						<line number="165" hits="16" branch="false"/>
						<line number="168" hits="1024" branch="false"/>
						<line number="169" hits="16" branch="false"/>
						<line number="172" hits="1024" branch="false"/>
						<line number="173" hits="16" branch="false"/>
						<line number="176" hits="1024" branch="false"/>
						<line number="177" hits="16" branch="false"/>
						<line number="180" hits="1024" branch="false"/>
						<line number="181" hits="16" branch="false"/>
						<line number="184" hits="1024" branch="false"/>
						<line number="185" hits="16" branch="false"/>
						<line number="188" hits="1024" branch="false"/>
						<line number="189" hits="4" branch="false"/>
						<line number="194" hits="1024" branch="false"/>
						<line number="195" hits="8" branch="false"/>
						<line number="198" hits="1024" branch="false"/>
						<line number="199" hits="8" branch="false"/>
						<line number="202" hits="1024" branch="false"/>
						<line number="203" hits="8" branch="false"/>
						<line number="206" hits="1024" branch="false"/>
						<line number="207" hits="8" branch="false"/>
						<line number="210" hits="1024" branch="false"/>
						<line number="211" hits="8" branch="false"/>
						<line number="214" hits="1024" branch="false"/>
						<line number="215" hits="8" branch="false"/>
						<line number="218" hits="1024" branch="false"/>
						<line number="219" hits="8" branch="false"/>
						<line number="222" hits="1024" branch="false"/>
						<line number="223" hits="4" branch="false"/>
						<line number="229" hits="1024" branch="false"/>
						<line number="230" hits="116" branch="false"/>
						<line number="231" hits="116" branch="false"/>
						<line number="232" hits="2320" branch="false"/>
						<line number="234" hits="116" branch="false"/>
						<line number="237" hits="1024" branch="false"/>
						<line number="238" hits="4" branch="false"/>
						<line number="241" hits="1024" branch="false"/>
						<line number="242" hits="112" branch="false"/>
						<line number="245" hits="1024" branch="false"/>
						<line number="246" hits="2324" branch="false"/>
						<line number="247" hits="1162" branch="false"/>
						<line number="250" hits="1162" branch="false"/>
						<line number="251" hits="581" branch="false"/>
						<line number="254" hits="581" branch="false"/>
						<line number="255" hits="581" branch="false"/>
						<line number="260" hits="256" branch="false"/>
						<line number="261" hits="7364" branch="false"/>
						<line number="262" hits="39760" branch="false"/>
						<line number="267" hits="256" branch="false"/>
						<line number="268" hits="7364" branch="false"/>
						<line number="269" hits="7364" branch="false"/>
						<line number="272" hits="256" branch="false"/>
						<line number="274" hits="256" branch="false"/>
						<line number="275" hits="256" branch="false"/>
						<line number="276" hits="256" branch="false"/>
						<line number="277" hits="256" branch="false"/>
						<line number="279" hits="256" branch="false"/>
						<line number="280" hits="256" branch="false"/>
						<line number="281" hits="73" branch="false"/>
						<line number="282" hits="73" branch="false"/>
						<line number="285" hits="256" branch="false"/>
						<line number="286" hits="61" branch="false"/>
						<line number="287" hits="61" branch="false"/>
						<line number="290" hits="256" branch="false"/>
						<line number="291" hits="61" branch="false"/>
						<line number="292" hits="61" branch="false"/>
						<line number="295" hits="256" branch="false"/>
						<line number="296" hits="61" branch="false"/>
						<line number="297" hits="61" branch="false"/>
						<line number="301" hits="0" branch="false"/>
						<line number="302" hits="0" branch="false"/>
						<line number="303" hits="0" branch="false"/>
						<line number="304" hits="0" branch="false"/>
						<line number="305" hits="0" branch="false"/>
						<line number="306" hits="0" branch="false"/>
						<line number="307" hits="0" branch="false"/>
						<line number="308" hits="0" branch="false"/>
						<line number="309" hits="0" branch="false"/>
						<line number="311" hits="0" branch="false"/>
						<line number="312" hits="0" branch="false"/>
						<line number="313" hits="0" branch="false"/>
						<line number="314" hits="0" branch="false"/>
						<line number="318" hits="256" branch="false"/>
						<line number="319" hits="256" branch="false"/>
						<line number="320" hits="256" branch="false"/>
						<line number="321" hits="256" branch="false"/>
						<line number="322" hits="256" branch="false"/>
						<line number="323" hits="256" branch="false"/>
						<line number="324" hits="256" branch="false"/>
						<line number="326" hits="256" branch="false"/>
						<line number="327" hits="256" branch="false"/>
						<line number="328" hits="256" branch="false"/>
						<line number="329" hits="256" branch="false"/>
						<line number="330" hits="256" branch="false"/>
						<line number="331" hits="256" branch="false"/>
						<line number="332" hits="256" branch="false"/>
						<line number="334" hits="256" branch="false"/>
						<line number="335" hits="256" branch="false"/>
						<line number="336" hits="256" branch="false"/>
						<line number="337" hits="256" branch="false"/>
						<line number="338" hits="256" branch="false"/>
						<line number="339" hits="256" branch="false"/>
						<line number="340" hits="256" branch="false"/>
						<line number="343" hits="256" branch="false"/>
						<line number="344" hits="256" branch="false"/>
						<line number="345" hits="256" branch="false"/>
						<line number="346" hits="256" branch="false"/>
						<line number="347" hits="256" branch="false"/>
						<line number="348" hits="256" branch="false"/>
						<line number="349" hits="256" branch="false"/>
						<line number="351" hits="256" branch="false"/>
						<line number="352" hits="256" branch="false"/>
						<line number="353" hits="256" branch="false"/>
						<line number="354" hits="256" branch="false"/>
						<line number="355" hits="256" branch="false"/>
						<line number="356" hits="256" branch="false"/>
						<line number="357" hits="256" branch="false"/>
						<line number="359" hits="256" branch="false"/>
						<line number="360" hits="256" branch="false"/>
						<line number="361" hits="256" branch="false"/>
						<line number="362" hits="256" branch="false"/>
						<line number="363" hits="256" branch="false"/>
						<line number="364" hits="256" branch="false"/>
						<line number="365" hits="256" branch="false"/>
						<line number="368" hits="256" branch="false"/>
						<line number="369" hits="256" branch="false"/>
						<line number="370" hits="256" branch="false"/>
						<line number="371" hits="256" branch="false"/>
						<line number="372" hits="256" branch="false"/>
						<line number="373" hits="256" branch="false"/>
						<line number="374" hits="256" branch="false"/>
						<line number="376" hits="256" branch="false"/>
						<line number="377" hits="256" branch="false"/>
						<line number="378" hits="256" branch="false"/>
						<line number="379" hits="256" branch="false"/>
						<line number="380" hits="256" branch="false"/>
						<line number="381" hits="256" branch="false"/>
						<line number="382" hits="256" branch="false"/>
						<line number="384" hits="256" branch="false"/>
						<line number="385" hits="256" branch="false"/>
						<line number="386" hits="256" branch="false"/>
						<line number="387" hits="256" branch="false"/>
						<line number="388" hits="256" branch="false"/>
						<line number="389" hits="256" branch="false"/>
						<line number="390" hits="256" branch="false"/>
						<line number="393" hits="256" branch="false"/>
						<line number="394" hits="256" branch="false"/>
						<line number="395" hits="256" branch="false"/>
						<line number="396" hits="256" branch="false"/>
						<line number="397" hits="256" branch="false"/>
						<line number="398" hits="256" branch="false"/>
						<line number="399" hits="256" branch="false"/>
						<line number="401" hits="256" branch="false"/>
						<line number="402" hits="256" branch="false"/>
						<line number="403" hits="256" branch="false"/>
						<line number="404" hits="256" branch="false"/>
						<line number="405" hits="256" branch="false"/>
						<line number="406" hits="256" branch="false"/>
						<line number="407" hits="256" branch="false"/>
						<line number="409" hits="256" branch="false"/>
						<line number="410" hits="256" branch="false"/>
						<line number="411" hits="256" branch="false"/>
						<line number="412" hits="256" branch="false"/>
						<line number="413" hits="256" branch="false"/>
						<line number="414" hits="256" branch="false"/>
						<line number="415" hits="256" branch="false"/>
						<line number="418" hits="256" branch="false"/>
						<line number="419" hits="0" branch="false"/>
						<line number="420" hits="0" branch="false"/>
						<line number="423" hits="0" branch="false"/>
						<line number="424" hits="0" branch="false"/>
						<line number="429" hits="256" branch="false"/>
						<line number="430" hits="0" branch="false"/>
						<line number="431" hits="0" branch="false"/>
						<line number="432" hits="0" branch="false"/>
						<line number="433" hits="0" branch="false"/>
						<line number="434" hits="0" branch="false"/>
						<line number="435" hits="0" branch="false"/>
						<line number="437" hits="0" branch="false"/>
						<line number="438" hits="0" branch="false"/>
						<line number="439" hits="0" branch="false"/>
						<line number="440" hits="0" branch="false"/>
						<line number="441" hits="0" branch="false"/>
						<line number="443" hits="0" branch="false"/>
						<line number="444" hits="0" branch="false"/>
						<line number="445" hits="0" branch="false"/>
						<line number="447" hits="0" branch="false"/>
						<line number="448" hits="0" branch="false"/>
						<line number="451" hits="0" branch="false"/>
						<line number="455" hits="256" branch="false"/>
						<line number="456" hits="0" branch="false"/>
						<line number="459" hits="256" branch="false"/>
						<line number="460" hits="0" branch="false"/>
						<line number="461" hits="0" branch="false"/>
						<line number="462" hits="0" branch="false"/>
						<line number="463" hits="0" branch="false"/>
						<line number="468" hits="256" branch="false"/>
						<line number="469" hits="0" branch="false"/>
						<line number="471" hits="0" branch="false"/>
						<line number="474" hits="256" branch="false"/>
						<line number="475" hits="0" branch="false"/>
						<line number="479" hits="256" branch="false"/>
						<line number="480" hits="0" branch="false"/>
						<line number="482" hits="0" branch="false"/>
						<line number="485" hits="256" branch="false"/>
						<line number="486" hits="0" branch="false"/>
						<line number="487" hits="0" branch="false"/>
						<line number="489" hits="256" branch="false"/>
						<line number="490" hits="0" branch="false"/>
						<line number="491" hits="0" branch="false"/>
						<line number="493" hits="256" branch="false"/>
						<line number="494" hits="0" branch="false"/>
						<line number="495" hits="0" branch="false"/>
						<line number="497" hits="256" branch="false"/>
						<line number="498" hits="0" branch="false"/>
						<line number="499" hits="0" branch="false"/>
						<line number="501" hits="256" branch="false"/>
						<line number="502" hits="0" branch="false"/>
						<line number="503" hits="0" branch="false"/>
						<line number="505" hits="256" branch="false"/>
						<line number="506" hits="0" branch="false"/>
						<line number="507" hits="0" branch="false"/>
						<line number="509" hits="256" branch="false"/>
						<line number="510" hits="0" branch="false"/>
						<line number="511" hits="0" branch="false"/>
						<line number="516" hits="256" branch="false"/>
						<line number="518" hits="2324" branch="false"/>
						<line number="519" hits="2324" branch="false"/>
						<line number="520" hits="2324" branch="false"/>
						<line number="524" hits="256" branch="false"/>
						<line number="526" hits="2324" branch="false"/>
						<line number="527" hits="2324" branch="false"/>
						<line number="528" hits="120" branch="false"/>
						<line number="529" hits="120" branch="false"/>
						<line number="531" hits="120" branch="false"/>
						<line number="535" hits="2324" branch="false"/>
						<line number="536" hits="2324" branch="false"/>
						<line number="539" hits="256" branch="false"/>
						<line number="542" hits="256" branch="false"/>
						<line number="543" hits="15" branch="false"/>
						<line number="544" hits="15" branch="false"/>
						<line number="545" hits="15" branch="false"/>
						<line number="546" hits="15" branch="false"/>
						<line number="550" hits="256" branch="false"/>
						<line number="551" hits="2" branch="false"/>
						<line number="555" hits="256" branch="false"/>
						<line number="556" hits="1" branch="false"/>
						<line number="557" hits="1" branch="false"/>
						<line number="561" hits="256" branch="false"/>
						<line number="562" hits="1" branch="false"/>
						<line number="563" hits="1" branch="false"/>
						<line number="567" hits="256" branch="false"/>
						<line number="568" hits="1" branch="false"/>
						<line number="569" hits="1" branch="false"/>
						<line number="573" hits="256" branch="false"/>
						<line number="574" hits="1" branch="false"/>
						<line number="575" hits="1" branch="false"/>
						<line number="579" hits="256" branch="false"/>
						<line number="580" hits="1" branch="false"/>
						<line number="581" hits="1" branch="false"/>
						<line number="585" hits="256" branch="false"/>
						<line number="586" hits="1" branch="false"/>
						<line number="587" hits="1" branch="false"/>
						<line number="591" hits="256" branch="false"/>
						<line number="592" hits="1" branch="false"/>
						<line number="593" hits="1" branch="false"/>
						<line number="597" hits="256" branch="false"/>
						<line number="598" hits="12" branch="false"/>
						<line number="602" hits="256" branch="false"/>
						<line number="603" hits="12" branch="false"/>
						<line number="606" hits="256" branch="false"/>
						<line number="607" hits="0" branch="false"/>
						<line number="608" hits="0" branch="false"/>
						<line number="609" hits="0" branch="false"/>
						<line number="610" hits="0" branch="false"/>
						<line number="611" hits="0" branch="false"/>
						<line number="612" hits="0" branch="false"/>
						<line number="613" hits="0" branch="false"/>
						<line number="614" hits="0" branch="false"/>
						<line number="619" hits="256" branch="false"/>
						<line number="620" hits="0" branch="false"/>
						<line number="621" hits="0" branch="false"/>
						<line number="622" hits="0" branch="false"/>
						<line number="623" hits="0" branch="false"/>
						<line number="624" hits="0" branch="false"/>
						<line number="625" hits="0" branch="false"/>
						<line number="627" hits="0" branch="false"/>
						<line number="628" hits="0" branch="false"/>
						<line number="629" hits="0" branch="false"/>
						<line number="630" hits="0" branch="false"/>
						<line number="631" hits="0" branch="false"/>
						<line number="633" hits="0" branch="false"/>
						<line number="637" hits="0" branch="false"/>
						<line number="641" hits="0" branch="false"/>
						<line number="642" hits="0" branch="false"/>
						<line number="647" hits="256" branch="false"/>
					</lines>
				</class>
				<class name="projectApp.js" filename="src/projectApp.js" line-rate="0.88" branch-rate="0.0" complexity="0">
					<methods />
					<lines>
						<line number="1" hits="1" branch="false"/>
						<line number="2" hits="0" branch="false"/>
						<line number="4" hits="0" branch="false"/>
						<line number="6" hits="0" branch="false"/>
						<line number="7" hits="0" branch="false"/>
						<line number="8" hits="0" branch="false"/>
						<line number="11" hits="0" branch="false"/>
						<line number="12" hits="0" branch="false"/>
						<line number="15" hits="0" branch="false"/>
						<line number="18" hits="1" branch="false"/>
						<line number="20" hits="83" branch="false"/>
						<line number="22" hits="83" branch="false"/>
						<line number="24" hits="83" branch="false"/>
						<line number="27" hits="1" branch="false"/>
						<line number="29" hits="4" branch="false"/>
						<line number="30" hits="4" branch="false"/>
						<line number="31" hits="4" branch="false"/>
						<line number="33" hits="4" branch="false"/>
						<line number="34" hits="4" branch="false"/>
						<line number="35" hits="4" branch="false"/>
						<line number="38" hits="4" branch="false"/>
						<line number="39" hits="4" branch="false"/>
						<line number="40" hits="4" branch="false"/>
						<line number="41" hits="4" branch="false"/>
						<line number="42" hits="4" branch="false"/>
						<line number="43" hits="4" branch="false"/>
						<line number="44" hits="4" branch="false"/>
						<line number="45" hits="748" branch="false"/>
						<line number="46" hits="748" branch="false"/>
						<line number="47" hits="540" branch="false"/>
						<line number="48" hits="540" branch="false"/>
						<line number="51" hits="4" branch="false"/>
						<line number="52" hits="4" branch="false"/>
						<line number="53" hits="4" branch="false"/>
						<line number="56" hits="0" branch="false"/>
						<line number="60" hits="4" branch="false"/>
						<line number="61" hits="1" branch="false"/>
						<line number="64" hits="4" branch="false"/>
						<line number="65" hits="1" branch="false"/>
						<line number="68" hits="4" branch="false"/>
						<line number="69" hits="1" branch="false"/>
						<line number="72" hits="4" branch="false"/>
						<line number="73" hits="1" branch="false"/>
						<line number="76" hits="1" branch="false"/>
						<line number="78" hits="339" branch="false"/>
						<line number="80" hits="12" branch="false"/>
						<line number="81" hits="12" branch="false"/>
						<line number="82" hits="12" branch="false"/>
						<line number="84" hits="12" branch="false"/>
						<line number="85" hits="12" branch="false"/>
						<line number="86" hits="12" branch="false"/>
						<line number="87" hits="12" branch="false"/>
						<line number="90" hits="339" branch="false"/>
						<line number="91" hits="120" branch="false"/>
						<line number="92" hits="120" branch="false"/>
						<line number="93" hits="120" branch="false"/>
						<line number="94" hits="120" branch="false"/>
						<line number="95" hits="120" branch="false"/>
						<line number="98" hits="339" branch="false"/>
						<line number="99" hits="339" branch="false"/>
						<line number="100" hits="0" branch="false"/>
						<line number="105" hits="1" branch="false"/>
						<line number="107" hits="256" branch="false"/>
						<line number="108" hits="142" branch="false"/>
						<line number="109" hits="142" branch="false"/>
						<line number="110" hits="410" branch="false"/>
						<line number="111" hits="75" branch="false"/>
						<line number="114" hits="67" branch="false"/>
						<line number="117" hits="256" branch="false"/>
						<line number="118" hits="15" branch="false"/>
						<line number="121" hits="256" branch="false"/>
						<line number="122" hits="147" branch="false"/>
						<line number="125" hits="256" branch="false"/>
						<line number="126" hits="7" branch="false"/>
						<line number="127" hits="7" branch="false"/>
						<line number="128" hits="7" branch="false"/>
						<line number="129" hits="140" branch="false"/>
						<line number="130" hits="74" branch="false"/>
						<line number="133" hits="7" branch="false"/>
						<line number="136" hits="256" branch="false"/>
						<line number="137" hits="142" branch="false"/>
						<line number="138" hits="142" branch="false"/>
						<line number="139" hits="75" branch="false"/>
						<line number="141" hits="142" branch="false"/>
						<line number="144" hits="1" branch="false"/>
						<line number="145" hits="327" branch="false"/>
						<line number="146" hits="284" branch="false"/>
						<line number="147" hits="284" branch="false"/>
						<line number="148" hits="284" branch="false"/>
						<line number="149" hits="8520" branch="false"/>
						<line number="150" hits="284" branch="false"/>
						<line number="152" hits="284" branch="false"/>
						<line number="155" hits="327" branch="false"/>
						<line number="156" hits="0" branch="false"/>
						<line number="157" hits="0" branch="false"/>
						<line number="158" hits="0" branch="false"/>
						<line number="159" hits="0" branch="false"/>
						<line number="162" hits="0" branch="false"/>
						<line number="165" hits="327" branch="false"/>
						<line number="166" hits="4544" branch="false"/>
						<line number="167" hits="1136" branch="false"/>
						<line number="169" hits="3408" branch="false"/>
						<line number="170" hits="1136" branch="false"/>
						<line number="172" hits="2272" branch="false"/>
						<line number="173" hits="1136" branch="false"/>
						<line number="175" hits="1136" branch="false"/>
						<line number="176" hits="1136" branch="false"/>
						<line number="180" hits="327" branch="false"/>
						<line number="181" hits="1136" branch="false"/>
						<line number="182" hits="284" branch="false"/>
						<line number="184" hits="1136" branch="false"/>
						<line number="185" hits="284" branch="false"/>
						<line number="187" hits="1136" branch="false"/>
						<line number="188" hits="284" branch="false"/>
						<line number="190" hits="1136" branch="false"/>
						<line number="191" hits="0" branch="false"/>
						<line number="193" hits="1136" branch="false"/>
						<line number="194" hits="0" branch="false"/>
						<line number="196" hits="1136" branch="false"/>
						<line number="197" hits="284" branch="false"/>
						<line number="199" hits="1136" branch="false"/>
						<line number="200" hits="0" branch="false"/>
						<line number="205" hits="327" branch="false"/>
						<line number="206" hits="284" branch="false"/>
						<line number="207" hits="284" branch="false"/>
						<line number="208" hits="4544" branch="false"/>
						<line number="209" hits="4544" branch="false"/>
						<line number="212" hits="284" branch="false"/>
						<line number="213" hits="284" branch="false"/>
						<line number="217" hits="327" branch="false"/>
						<line number="218" hits="1136" branch="false"/>
						<line number="219" hits="1136" branch="false"/>
						<line number="220" hits="1136" branch="false"/>
						<line number="223" hits="327" branch="false"/>
						<line number="224" hits="1136" branch="false"/>
						<line number="225" hits="1136" branch="false"/>
						<line number="226" hits="0" branch="false"/>
						<line number="227" hits="0" branch="false"/>
						<line number="229" hits="0" branch="false"/>
						<line number="233" hits="1136" branch="false"/>
						<line number="234" hits="1136" branch="false"/>
						<line number="237" hits="327" branch="false"/>
						<line number="238" hits="284" branch="false"/>
						<line number="239" hits="284" branch="false"/>
						<line number="240" hits="284" branch="false"/>
						<line number="241" hits="284" branch="false"/>
						<line number="242" hits="284" branch="false"/>
						<line number="243" hits="284" branch="false"/>
						<line number="244" hits="4544" branch="false"/>
						<line number="245" hits="1136" branch="false"/>
						<line number="246" hits="1136" branch="false"/>
						<line number="247" hits="1136" branch="false"/>
						<line number="248" hits="1136" branch="false"/>
						<line number="249" hits="1136" branch="false"/>
						<line number="252" hits="284" branch="false"/>
						<line number="253" hits="284" branch="false"/>
						<line number="257" hits="284" branch="false"/>
						<line number="261" hits="327" branch="false"/>
						<line number="263" hits="1136" branch="false"/>
						<line number="264" hits="1136" branch="false"/>
						<line number="265" hits="1136" branch="false"/>
						<line number="266" hits="1136" branch="false"/>
						<line number="269" hits="327" branch="false"/>
						<line number="270" hits="284" branch="false"/>
						<line number="271" hits="284" branch="false"/>
						<line number="272" hits="284" branch="false"/>
						<line number="273" hits="284" branch="false"/>
						<line number="274" hits="284" branch="false"/>
						<line number="275" hits="284" branch="false"/>
						<line number="276" hits="284" branch="false"/>
						<line number="277" hits="284" branch="false"/>
						<line number="278" hits="284" branch="false"/>
						<line number="279" hits="284" branch="false"/>
						<line number="280" hits="284" branch="false"/>
						<line number="281" hits="1140" branch="false"/>
					</lines>
				</class>
				<class name="theoricalDisciplineController.js" filename="src/theoricalDisciplineController.js" line-rate="0.8828337874659401" branch-rate="0.0" complexity="0">
					<methods />
					<lines>
						<line number="4" hits="1" branch="false"/>
						<line number="6" hits="120" branch="false"/>
						<line number="7" hits="0" branch="false"/>
						<line number="9" hits="120" branch="false"/>
						<line number="11" hits="120" branch="false"/>
						<line number="12" hits="120" branch="false"/>
						<line number="13" hits="120" branch="false"/>
						<line number="14" hits="120" branch="false"/>
						<line number="15" hits="120" branch="false"/>
						<line number="16" hits="120" branch="false"/>
						<line number="17" hits="120" branch="false"/>
						<line number="18" hits="120" branch="false"/>
						<line number="20" hits="120" branch="false"/>
						<line number="21" hits="120" branch="false"/>
						<line number="22" hits="120" branch="false"/>
						<line number="23" hits="120" branch="false"/>
						<line number="24" hits="120" branch="false"/>
						<line number="25" hits="120" branch="false"/>
						<line number="26" hits="120" branch="false"/>
						<line number="27" hits="120" branch="false"/>
						<line number="29" hits="120" branch="false"/>
						<line number="30" hits="120" branch="false"/>
						<line number="31" hits="120" branch="false"/>
						<line number="32" hits="120" branch="false"/>
						<line number="33" hits="120" branch="false"/>
						<line number="34" hits="120" branch="false"/>
						<line number="35" hits="120" branch="false"/>
						<line number="36" hits="120" branch="false"/>
						<line number="38" hits="120" branch="false"/>
						<line number="39" hits="120" branch="false"/>
						<line number="40" hits="120" branch="false"/>
						<line number="41" hits="120" branch="false"/>
						<line number="42" hits="120" branch="false"/>
						<line number="43" hits="120" branch="false"/>
						<line number="44" hits="120" branch="false"/>
						<line number="45" hits="120" branch="false"/>
						<line number="47" hits="120" branch="false"/>
						<line number="48" hits="120" branch="false"/>
						<line number="49" hits="120" branch="false"/>
						<line number="50" hits="120" branch="false"/>
						<line number="51" hits="120" branch="false"/>
						<line number="52" hits="120" branch="false"/>
						<line number="53" hits="120" branch="false"/>
						<line number="54" hits="120" branch="false"/>
						<line number="58" hits="120" branch="false"/>
						<line number="59" hits="0" branch="false"/>
						<line number="62" hits="120" branch="false"/>
						<line number="63" hits="0" branch="false"/>
						<line number="66" hits="120" branch="false"/>
						<line number="67" hits="0" branch="false"/>
						<line number="70" hits="120" branch="false"/>
						<line number="71" hits="0" branch="false"/>
						<line number="74" hits="120" branch="false"/>
						<line number="75" hits="0" branch="false"/>
						<line number="78" hits="120" branch="false"/>
						<line number="79" hits="0" branch="false"/>
						<line number="82" hits="120" branch="false"/>
						<line number="83" hits="0" branch="false"/>
						<line number="86" hits="120" branch="false"/>
						<line number="87" hits="0" branch="false"/>
						<line number="91" hits="120" branch="false"/>
						<line number="92" hits="0" branch="false"/>
						<line number="95" hits="120" branch="false"/>
						<line number="96" hits="0" branch="false"/>
						<line number="99" hits="120" branch="false"/>
						<line number="100" hits="0" branch="false"/>
						<line number="103" hits="120" branch="false"/>
						<line number="104" hits="0" branch="false"/>
						<line number="107" hits="120" branch="false"/>
						<line number="108" hits="0" branch="false"/>
						<line number="111" hits="120" branch="false"/>
						<line number="112" hits="0" branch="false"/>
						<line number="115" hits="120" branch="false"/>
						<line number="116" hits="0" branch="false"/>
						<line number="119" hits="120" branch="false"/>
						<line number="120" hits="0" branch="false"/>
						<line number="124" hits="120" branch="false"/>
						<line number="125" hits="0" branch="false"/>
						<line number="128" hits="120" branch="false"/>
						<line number="129" hits="0" branch="false"/>
						<line number="132" hits="120" branch="false"/>
						<line number="133" hits="0" branch="false"/>
						<line number="136" hits="120" branch="false"/>
						<line number="137" hits="0" branch="false"/>
						<line number="140" hits="120" branch="false"/>
						<line number="141" hits="0" branch="false"/>
						<line number="144" hits="120" branch="false"/>
						<line number="145" hits="0" branch="false"/>
						<line number="148" hits="120" branch="false"/>
						<line number="149" hits="0" branch="false"/>
						<line number="152" hits="120" branch="false"/>
						<line number="153" hits="0" branch="false"/>
						<line number="157" hits="120" branch="false"/>
						<line number="158" hits="0" branch="false"/>
						<line number="161" hits="120" branch="false"/>
						<line number="162" hits="0" branch="false"/>
						<line number="165" hits="120" branch="false"/>
						<line number="166" hits="0" branch="false"/>
						<line number="169" hits="120" branch="false"/>
						<line number="170" hits="0" branch="false"/>
						<line number="173" hits="120" branch="false"/>
						<line number="174" hits="0" branch="false"/>
						<line number="177" hits="120" branch="false"/>
						<line number="178" hits="0" branch="false"/>
						<line number="181" hits="120" branch="false"/>
						<line number="182" hits="0" branch="false"/>
						<line number="185" hits="120" branch="false"/>
						<line number="186" hits="0" branch="false"/>
						<line number="190" hits="120" branch="false"/>
						<line number="191" hits="0" branch="false"/>
						<line number="194" hits="120" branch="false"/>
						<line number="195" hits="0" branch="false"/>
						<line number="198" hits="120" branch="false"/>
						<line number="199" hits="0" branch="false"/>
						<line number="202" hits="120" branch="false"/>
						<line number="203" hits="0" branch="false"/>
						<line number="206" hits="120" branch="false"/>
						<line number="207" hits="0" branch="false"/>
						<line number="210" hits="120" branch="false"/>
						<line number="211" hits="0" branch="false"/>
						<line number="214" hits="120" branch="false"/>
						<line number="215" hits="0" branch="false"/>
						<line number="218" hits="120" branch="false"/>
						<line number="219" hits="0" branch="false"/>
						<line number="224" hits="120" branch="false"/>
						<line number="225" hits="1" branch="false"/>
						<line number="228" hits="120" branch="false"/>
						<line number="229" hits="1" branch="false"/>
						<line number="232" hits="120" branch="false"/>
						<line number="233" hits="1" branch="false"/>
						<line number="236" hits="120" branch="false"/>
						<line number="237" hits="1" branch="false"/>
						<line number="240" hits="120" branch="false"/>
						<line number="241" hits="1" branch="false"/>
						<line number="244" hits="120" branch="false"/>
						<line number="245" hits="1" branch="false"/>
						<line number="248" hits="120" branch="false"/>
						<line number="249" hits="1" branch="false"/>
						<line number="252" hits="120" branch="false"/>
						<line number="253" hits="1" branch="false"/>
						<line number="257" hits="120" branch="false"/>
						<line number="258" hits="1" branch="false"/>
						<line number="261" hits="120" branch="false"/>
						<line number="262" hits="1" branch="false"/>
						<line number="265" hits="120" branch="false"/>
						<line number="266" hits="1" branch="false"/>
						<line number="269" hits="120" branch="false"/>
						<line number="270" hits="1" branch="false"/>
						<line number="273" hits="120" branch="false"/>
						<line number="274" hits="1" branch="false"/>
						<line number="277" hits="120" branch="false"/>
						<line number="278" hits="1" branch="false"/>
						<line number="281" hits="120" branch="false"/>
						<line number="282" hits="1" branch="false"/>
						<line number="285" hits="120" branch="false"/>
						<line number="286" hits="1" branch="false"/>
						<line number="290" hits="120" branch="false"/>
						<line number="291" hits="1" branch="false"/>
						<line number="294" hits="120" branch="false"/>
						<line number="295" hits="1" branch="false"/>
						<line number="297" hits="120" branch="false"/>
						<line number="298" hits="1" branch="false"/>
						<line number="301" hits="120" branch="false"/>
						<line number="302" hits="1" branch="false"/>
						<line number="305" hits="120" branch="false"/>
						<line number="306" hits="1" branch="false"/>
						<line number="309" hits="120" branch="false"/>
						<line number="310" hits="1" branch="false"/>
						<line number="313" hits="120" branch="false"/>
						<line number="314" hits="1" branch="false"/>
						<line number="317" hits="120" branch="false"/>
						<line number="318" hits="1" branch="false"/>
						<line number="322" hits="120" branch="false"/>
						<line number="323" hits="1" branch="false"/>
						<line number="326" hits="120" branch="false"/>
						<line number="327" hits="1" branch="false"/>
						<line number="330" hits="120" branch="false"/>
						<line number="331" hits="1" branch="false"/>
						<line number="334" hits="120" branch="false"/>
						<line number="335" hits="1" branch="false"/>
						<line number="338" hits="120" branch="false"/>
						<line number="339" hits="1" branch="false"/>
						<line number="342" hits="120" branch="false"/>
						<line number="343" hits="1" branch="false"/>
						<line number="346" hits="120" branch="false"/>
						<line number="347" hits="1" branch="false"/>
						<line number="350" hits="120" branch="false"/>
						<line number="351" hits="1" branch="false"/>
						<line number="355" hits="120" branch="false"/>
						<line number="356" hits="1" branch="false"/>
						<line number="359" hits="120" branch="false"/>
						<line number="360" hits="1" branch="false"/>
						<line number="363" hits="120" branch="false"/>
						<line number="364" hits="1" branch="false"/>
						<line number="367" hits="120" branch="false"/>
						<line number="368" hits="1" branch="false"/>
						<line number="371" hits="120" branch="false"/>
						<line number="372" hits="1" branch="false"/>
						<line number="375" hits="120" branch="false"/>
						<line number="376" hits="1" branch="false"/>
						<line number="379" hits="120" branch="false"/>
						<line number="380" hits="1" branch="false"/>
						<line number="383" hits="120" branch="false"/>
						<line number="384" hits="1" branch="false"/>
						<line number="389" hits="120" branch="false"/>
						<line number="390" hits="1" branch="false"/>
						<line number="393" hits="120" branch="false"/>
						<line number="394" hits="1" branch="false"/>
						<line number="397" hits="120" branch="false"/>
						<line number="398" hits="1" branch="false"/>
						<line number="401" hits="120" branch="false"/>
						<line number="402" hits="1" branch="false"/>
						<line number="405" hits="120" branch="false"/>
						<line number="406" hits="1" branch="false"/>
						<line number="409" hits="120" branch="false"/>
						<line number="410" hits="1" branch="false"/>
						<line number="413" hits="120" branch="false"/>
						<line number="414" hits="1" branch="false"/>
						<line number="417" hits="120" branch="false"/>
						<line number="418" hits="1" branch="false"/>
						<line number="422" hits="120" branch="false"/>
						<line number="423" hits="1" branch="false"/>
						<line number="426" hits="120" branch="false"/>
						<line number="427" hits="1" branch="false"/>
						<line number="430" hits="120" branch="false"/>
						<line number="431" hits="1" branch="false"/>
						<line number="434" hits="120" branch="false"/>
						<line number="435" hits="1" branch="false"/>
						<line number="438" hits="120" branch="false"/>
						<line number="439" hits="1" branch="false"/>
						<line number="442" hits="120" branch="false"/>
						<line number="443" hits="1" branch="false"/>
						<line number="446" hits="120" branch="false"/>
						<line number="447" hits="1" branch="false"/>
						<line number="450" hits="120" branch="false"/>
						<line number="451" hits="1" branch="false"/>
						<line number="455" hits="120" branch="false"/>
						<line number="456" hits="1" branch="false"/>
						<line number="459" hits="120" branch="false"/>
						<line number="460" hits="1" branch="false"/>
						<line number="462" hits="120" branch="false"/>
						<line number="463" hits="1" branch="false"/>
						<line number="466" hits="120" branch="false"/>
						<line number="467" hits="1" branch="false"/>
						<line number="470" hits="120" branch="false"/>
						<line number="471" hits="1" branch="false"/>
						<line number="474" hits="120" branch="false"/>
						<line number="475" hits="1" branch="false"/>
						<line number="478" hits="120" branch="false"/>
						<line number="479" hits="1" branch="false"/>
						<line number="482" hits="120" branch="false"/>
						<line number="483" hits="1" branch="false"/>
						<line number="487" hits="120" branch="false"/>
						<line number="488" hits="1" branch="false"/>
						<line number="491" hits="120" branch="false"/>
						<line number="492" hits="1" branch="false"/>
						<line number="495" hits="120" branch="false"/>
						<line number="496" hits="1" branch="false"/>
						<line number="499" hits="120" branch="false"/>
						<line number="500" hits="1" branch="false"/>
						<line number="503" hits="120" branch="false"/>
						<line number="504" hits="1" branch="false"/>
						<line number="507" hits="120" branch="false"/>
						<line number="508" hits="1" branch="false"/>
						<line number="511" hits="120" branch="false"/>
						<line number="512" hits="1" branch="false"/>
						<line number="515" hits="120" branch="false"/>
						<line number="516" hits="1" branch="false"/>
						<line number="520" hits="120" branch="false"/>
						<line number="521" hits="1" branch="false"/>
						<line number="524" hits="120" branch="false"/>
						<line number="525" hits="1" branch="false"/>
						<line number="528" hits="120" branch="false"/>
						<line number="529" hits="1" branch="false"/>
						<line number="532" hits="120" branch="false"/>
						<line number="533" hits="1" branch="false"/>
						<line number="536" hits="120" branch="false"/>
						<line number="537" hits="1" branch="false"/>
						<line number="540" hits="120" branch="false"/>
						<line number="541" hits="1" branch="false"/>
						<line number="544" hits="120" branch="false"/>
						<line number="545" hits="1" branch="false"/>
						<line number="548" hits="120" branch="false"/>
						<line number="549" hits="1" branch="false"/>
						<line number="557" hits="120" branch="false"/>
						<line number="558" hits="1" branch="false"/>
						<line number="561" hits="120" branch="false"/>
						<line number="562" hits="1" branch="false"/>
						<line number="565" hits="120" branch="false"/>
						<line number="566" hits="1" branch="false"/>
						<line number="569" hits="120" branch="false"/>
						<line number="570" hits="1" branch="false"/>
						<line number="573" hits="120" branch="false"/>
						<line number="574" hits="1" branch="false"/>
						<line number="577" hits="120" branch="false"/>
						<line number="578" hits="1" branch="false"/>
						<line number="581" hits="120" branch="false"/>
						<line number="582" hits="1" branch="false"/>
						<line number="585" hits="120" branch="false"/>
						<line number="586" hits="1" branch="false"/>
						<line number="590" hits="120" branch="false"/>
						<line number="591" hits="1" branch="false"/>
						<line number="593" hits="120" branch="false"/>
						<line number="594" hits="1" branch="false"/>
						<line number="597" hits="120" branch="false"/>
						<line number="598" hits="1" branch="false"/>
						<line number="601" hits="120" branch="false"/>
						<line number="602" hits="1" branch="false"/>
						<line number="605" hits="120" branch="false"/>
						<line number="606" hits="1" branch="false"/>
						<line number="609" hits="120" branch="false"/>
						<line number="610" hits="1" branch="false"/>
						<line number="613" hits="120" branch="false"/>
						<line number="614" hits="1" branch="false"/>
						<line number="617" hits="120" branch="false"/>
						<line number="618" hits="1" branch="false"/>
						<line number="622" hits="120" branch="false"/>
						<line number="623" hits="1" branch="false"/>
						<line number="626" hits="120" branch="false"/>
						<line number="627" hits="1" branch="false"/>
						<line number="630" hits="120" branch="false"/>
						<line number="631" hits="1" branch="false"/>
						<line number="634" hits="120" branch="false"/>
						<line number="635" hits="1" branch="false"/>
						<line number="638" hits="120" branch="false"/>
						<line number="639" hits="1" branch="false"/>
						<line number="642" hits="120" branch="false"/>
						<line number="643" hits="1" branch="false"/>
						<line number="646" hits="120" branch="false"/>
						<line number="647" hits="1" branch="false"/>
						<line number="650" hits="120" branch="false"/>
						<line number="651" hits="1" branch="false"/>
						<line number="655" hits="120" branch="false"/>
						<line number="656" hits="1" branch="false"/>
						<line number="659" hits="120" branch="false"/>
						<line number="660" hits="1" branch="false"/>
						<line number="663" hits="120" branch="false"/>
						<line number="664" hits="1" branch="false"/>
						<line number="667" hits="120" branch="false"/>
						<line number="668" hits="1" branch="false"/>
						<line number="671" hits="120" branch="false"/>
						<line number="672" hits="1" branch="false"/>
						<line number="675" hits="120" branch="false"/>
						<line number="676" hits="1" branch="false"/>
						<line number="679" hits="120" branch="false"/>
						<line number="680" hits="1" branch="false"/>
						<line number="683" hits="120" branch="false"/>
						<line number="684" hits="1" branch="false"/>
						<line number="688" hits="120" branch="false"/>
						<line number="689" hits="1" branch="false"/>
						<line number="692" hits="120" branch="false"/>
						<line number="693" hits="1" branch="false"/>
						<line number="696" hits="120" branch="false"/>
						<line number="697" hits="1" branch="false"/>
						<line number="700" hits="120" branch="false"/>
						<line number="701" hits="1" branch="false"/>
						<line number="704" hits="120" branch="false"/>
						<line number="705" hits="1" branch="false"/>
						<line number="708" hits="120" branch="false"/>
						<line number="709" hits="1" branch="false"/>
						<line number="712" hits="120" branch="false"/>
						<line number="713" hits="1" branch="false"/>
						<line number="716" hits="120" branch="false"/>
						<line number="717" hits="1" branch="false"/>
						<line number="720" hits="120" branch="false"/>
						<line number="721" hits="0" branch="false"/>
						<line number="722" hits="0" branch="false"/>
					</lines>
				</class>
				<class name="projectController.js" filename="src/projectController.js" line-rate="0.90625" branch-rate="0.0" complexity="0">
					<methods />
					<lines>
						<line number="5" hits="1" branch="false"/>
						<line number="11" hits="10" branch="false"/>
						<line number="12" hits="0" branch="false"/>
						<line number="15" hits="10" branch="false"/>
						<line number="16" hits="10" branch="false"/>
						<line number="17" hits="10" branch="false"/>
						<line number="18" hits="10" branch="false"/>
						<line number="19" hits="10" branch="false"/>
						<line number="21" hits="10" branch="false"/>
						<line number="23" hits="10" branch="false"/>
						<line number="28" hits="10" branch="false"/>
						<line number="29" hits="10" branch="false"/>
						<line number="30" hits="10" branch="false"/>
						<line number="33" hits="10" branch="false"/>
						<line number="34" hits="10" branch="false"/>
						<line number="37" hits="10" branch="false"/>
						<line number="38" hits="0" branch="false"/>
						<line number="41" hits="0" branch="false"/>
						<line number="45" hits="10" branch="false"/>
						<line number="46" hits="2" branch="false"/>
						<line number="49" hits="10" branch="false"/>
						<line number="50" hits="2" branch="false"/>
						<line number="53" hits="10" branch="false"/>
						<line number="54" hits="1" branch="false"/>
						<line number="58" hits="10" branch="false"/>
						<line number="59" hits="1" branch="false"/>
						<line number="63" hits="10" branch="false"/>
						<line number="64" hits="1" branch="false"/>
						<line number="67" hits="10" branch="false"/>
						<line number="68" hits="1" branch="false"/>
						<line number="71" hits="10" branch="false"/>
						<line number="72" hits="1" branch="false"/>
					</lines>
				</class>
				<class name="assignedPhaseController.js" filename="src/assignedPhaseController.js" line-rate="0.9464285714285714" branch-rate="0.0" complexity="0">
					<methods />
					<lines>
						<line number="5" hits="1" branch="false"/>
						<line number="14" hits="71" branch="false"/>
						<line number="15" hits="0" branch="false"/>
						<line number="16" hits="0" branch="false"/>
						<line number="19" hits="71" branch="false"/>
						<line number="20" hits="284" branch="false"/>
						<line number="21" hits="284" branch="false"/>
						<line number="22" hits="284" branch="false"/>
						<line number="25" hits="71" branch="false"/>
						<line number="27" hits="71" branch="false"/>
						<line number="28" hits="71" branch="false"/>
						<line number="29" hits="71" branch="false"/>
						<line number="30" hits="71" branch="false"/>
						<line number="32" hits="71" branch="false"/>
						<line number="33" hits="71" branch="false"/>
						<line number="35" hits="71" branch="false"/>
						<line number="37" hits="71" branch="false"/>
						<line number="41" hits="71" branch="false"/>
						<line number="46" hits="71" branch="false"/>
						<line number="48" hits="71" branch="false"/>
						<line number="53" hits="71" branch="false"/>
						<line number="58" hits="71" branch="false"/>
						<line number="59" hits="71" branch="false"/>
						<line number="61" hits="71" branch="false"/>
						<line number="66" hits="71" branch="false"/>
						<line number="67" hits="71" branch="false"/>
						<line number="68" hits="71" branch="false"/>
						<line number="69" hits="71" branch="false"/>
						<line number="70" hits="71" branch="false"/>
						<line number="73" hits="71" branch="false"/>
						<line number="74" hits="71" branch="false"/>
						<line number="79" hits="71" branch="false"/>
						<line number="84" hits="71" branch="false"/>
						<line number="89" hits="71" branch="false"/>
						<line number="94" hits="71" branch="false"/>
						<line number="100" hits="71" branch="false"/>
						<line number="102" hits="71" branch="false"/>
						<line number="103" hits="71" branch="false"/>
						<line number="104" hits="71" branch="false"/>
						<line number="108" hits="71" branch="false"/>
						<line number="109" hits="4" branch="false"/>
						<line number="111" hits="71" branch="false"/>
						<line number="112" hits="0" branch="false"/>
						<line number="117" hits="0" branch="false"/>
						<line number="119" hits="71" branch="false"/>
						<line number="120" hits="0" branch="false"/>
						<line number="123" hits="71" branch="false"/>
						<line number="124" hits="284" branch="false"/>
						<line number="125" hits="284" branch="false"/>
						<line number="126" hits="1136" branch="false"/>
						<line number="127" hits="568" branch="false"/>
						<line number="130" hits="568" branch="false"/>
						<line number="131" hits="284" branch="false"/>
						<line number="134" hits="284" branch="false"/>
						<line number="135" hits="284" branch="false"/>
						<line number="140" hits="71" branch="false"/>
						<line number="141" hits="284" branch="false"/>
						<line number="142" hits="71" branch="false"/>
						<line number="144" hits="213" branch="false"/>
						<line number="145" hits="71" branch="false"/>
						<line number="147" hits="142" branch="false"/>
						<line number="148" hits="71" branch="false"/>
						<line number="150" hits="71" branch="false"/>
						<line number="151" hits="71" branch="false"/>
						<line number="155" hits="71" branch="false"/>
						<line number="156" hits="2272" branch="false"/>
						<line number="157" hits="2272" branch="false"/>
						<line number="158" hits="2272" branch="false"/>
						<line number="160" hits="2272" branch="false"/>
						<line number="161" hits="2272" branch="false"/>
						<line number="163" hits="2272" branch="false"/>
						<line number="164" hits="2272" branch="false"/>
						<line number="166" hits="2272" branch="false"/>
						<line number="167" hits="2272" branch="false"/>
						<line number="169" hits="2272" branch="false"/>
						<line number="170" hits="2272" branch="false"/>
						<line number="172" hits="2272" branch="false"/>
						<line number="173" hits="0" branch="false"/>
						<line number="175" hits="2272" branch="false"/>
						<line number="176" hits="0" branch="false"/>
						<line number="178" hits="2272" branch="false"/>
						<line number="181" hits="71" branch="false"/>
						<line number="182" hits="2272" branch="false"/>
						<line number="191" hits="71" branch="false"/>
						<line number="192" hits="2272" branch="false"/>
						<line number="195" hits="71" branch="false"/>
						<line number="196" hits="284" branch="false"/>
						<line number="197" hits="284" branch="false"/>
						<line number="198" hits="284" branch="false"/>
						<line number="199" hits="284" branch="false"/>
						<line number="202" hits="1704" branch="false"/>
						<line number="207" hits="497" branch="false"/>
						<line number="209" hits="71" branch="false"/>
						<line number="211" hits="426" branch="false"/>
						<line number="213" hits="284" branch="false"/>
						<line number="214" hits="2272" branch="false"/>
						<line number="216" hits="284" branch="false"/>
						<line number="217" hits="284" branch="false"/>
						<line number="218" hits="284" branch="false"/>
						<line number="219" hits="284" branch="false"/>
						<line number="220" hits="284" branch="false"/>
						<line number="222" hits="284" branch="false"/>
						<line number="225" hits="284" branch="false"/>
						<line number="226" hits="716" branch="false"/>
						<line number="227" hits="432" branch="false"/>
						<line number="229" hits="284" branch="false"/>
						<line number="230" hits="284" branch="false"/>
						<line number="232" hits="426" branch="false"/>
						<line number="234" hits="284" branch="false"/>
						<line number="235" hits="284" branch="false"/>
						<line number="237" hits="284" branch="false"/>
						<line number="238" hits="1142" branch="false"/>
						<line number="240" hits="284" branch="false"/>
						<line number="241" hits="429" branch="false"/>
						<line number="243" hits="284" branch="false"/>
						<line number="244" hits="284" branch="false"/>
						<line number="246" hits="284" branch="false"/>
						<line number="247" hits="284" branch="false"/>
						<line number="248" hits="284" branch="false"/>
						<line number="249" hits="4" branch="false"/>
						<line number="251" hits="4" branch="false"/>
						<line number="254" hits="284" branch="false"/>
						<line number="255" hits="284" branch="false"/>
						<line number="256" hits="284" branch="false"/>
						<line number="259" hits="284" branch="false"/>
						<line number="260" hits="285" branch="false"/>
						<line number="261" hits="285" branch="false"/>
						<line number="262" hits="285" branch="false"/>
						<line number="264" hits="285" branch="false"/>
						<line number="266" hits="284" branch="false"/>
						<line number="267" hits="570" branch="false"/>
						<line number="268" hits="570" branch="false"/>
						<line number="269" hits="570" branch="false"/>
						<line number="271" hits="570" branch="false"/>
						<line number="274" hits="284" branch="false"/>
						<line number="275" hits="284" branch="false"/>
						<line number="284" hits="284" branch="false"/>
						<line number="285" hits="284" branch="false"/>
						<line number="286" hits="284" branch="false"/>
						<line number="287" hits="284" branch="false"/>
						<line number="289" hits="284" branch="false"/>
						<line number="290" hits="284" branch="false"/>
						<line number="292" hits="284" branch="false"/>
						<line number="293" hits="284" branch="false"/>
						<line number="295" hits="284" branch="false"/>
						<line number="296" hits="284" branch="false"/>
						<line number="298" hits="284" branch="false"/>
						<line number="299" hits="284" branch="false"/>
						<line number="301" hits="284" branch="false"/>
						<line number="302" hits="0" branch="false"/>
						<line number="304" hits="284" branch="false"/>
						<line number="305" hits="0" branch="false"/>
						<line number="307" hits="284" branch="false"/>
						<line number="310" hits="284" branch="false"/>
						<line number="311" hits="284" branch="false"/>
						<line number="313" hits="284" branch="false"/>
						<line number="314" hits="284" branch="false"/>
						<line number="315" hits="284" branch="false"/>
						<line number="316" hits="285" branch="false"/>
						<line number="317" hits="285" branch="false"/>
						<line number="318" hits="285" branch="false"/>
						<line number="320" hits="285" branch="false"/>
						<line number="322" hits="284" branch="false"/>
						<line number="323" hits="1" branch="false"/>
						<line number="325" hits="284" branch="false"/>
						<line number="326" hits="1" branch="false"/>
						<line number="328" hits="284" branch="false"/>
						<line number="329" hits="1" branch="false"/>
					</lines>
				</class>
				<class name="realDisciplineController.js" filename="src/realDisciplineController.js" line-rate="0.9776536312849162" branch-rate="0.0" complexity="0">
					<methods />
					<lines>
						<line number="4" hits="1" branch="false"/>
						<line number="6" hits="160" branch="false"/>
						<line number="7" hits="0" branch="false"/>
						<line number="9" hits="160" branch="false"/>
						<line number="11" hits="160" branch="false"/>
						<line number="12" hits="0" branch="false"/>
						<line number="13" hits="0" branch="false"/>
						<line number="16" hits="160" branch="false"/>
						<line number="17" hits="68" branch="false"/>
						<line number="18" hits="0" branch="false"/>
						<line number="19" hits="68" branch="false"/>
						<line number="22" hits="160" branch="false"/>
						<line number="23" hits="640" branch="false"/>
						<line number="24" hits="640" branch="false"/>
						<line number="25" hits="640" branch="false"/>
						<line number="26" hits="640" branch="false"/>
						<line number="27" hits="640" branch="false"/>
						<line number="28" hits="640" branch="false"/>
						<line number="29" hits="640" branch="false"/>
						<line number="32" hits="640" branch="false"/>
						<line number="33" hits="28" branch="false"/>
						<line number="35" hits="640" branch="false"/>
						<line number="36" hits="28" branch="false"/>
						<line number="38" hits="640" branch="false"/>
						<line number="39" hits="28" branch="false"/>
						<line number="41" hits="640" branch="false"/>
						<line number="42" hits="28" branch="false"/>
						<line number="44" hits="640" branch="false"/>
						<line number="45" hits="28" branch="false"/>
						<line number="47" hits="640" branch="false"/>
						<line number="48" hits="28" branch="false"/>
						<line number="50" hits="640" branch="false"/>
						<line number="51" hits="28" branch="false"/>
						<line number="53" hits="640" branch="false"/>
						<line number="54" hits="116" branch="false"/>
						<line number="60" hits="640" branch="false"/>
						<line number="61" hits="16" branch="false"/>
						<line number="63" hits="640" branch="false"/>
						<line number="64" hits="16" branch="false"/>
						<line number="66" hits="640" branch="false"/>
						<line number="67" hits="16" branch="false"/>
						<line number="69" hits="640" branch="false"/>
						<line number="70" hits="16" branch="false"/>
						<line number="72" hits="640" branch="false"/>
						<line number="73" hits="16" branch="false"/>
						<line number="75" hits="640" branch="false"/>
						<line number="76" hits="16" branch="false"/>
						<line number="78" hits="640" branch="false"/>
						<line number="79" hits="16" branch="false"/>
						<line number="81" hits="640" branch="false"/>
						<line number="82" hits="16" branch="false"/>
						<line number="86" hits="640" branch="false"/>
						<line number="87" hits="8" branch="false"/>
						<line number="89" hits="640" branch="false"/>
						<line number="90" hits="8" branch="false"/>
						<line number="92" hits="640" branch="false"/>
						<line number="93" hits="8" branch="false"/>
						<line number="95" hits="640" branch="false"/>
						<line number="96" hits="8" branch="false"/>
						<line number="98" hits="640" branch="false"/>
						<line number="99" hits="8" branch="false"/>
						<line number="101" hits="640" branch="false"/>
						<line number="102" hits="8" branch="false"/>
						<line number="104" hits="640" branch="false"/>
						<line number="105" hits="8" branch="false"/>
						<line number="107" hits="640" branch="false"/>
						<line number="108" hits="8" branch="false"/>
						<line number="112" hits="640" branch="false"/>
						<line number="113" hits="8" branch="false"/>
						<line number="115" hits="640" branch="false"/>
						<line number="116" hits="8" branch="false"/>
						<line number="118" hits="640" branch="false"/>
						<line number="119" hits="8" branch="false"/>
						<line number="121" hits="640" branch="false"/>
						<line number="122" hits="8" branch="false"/>
						<line number="124" hits="640" branch="false"/>
						<line number="125" hits="8" branch="false"/>
						<line number="127" hits="640" branch="false"/>
						<line number="128" hits="8" branch="false"/>
						<line number="130" hits="640" branch="false"/>
						<line number="131" hits="8" branch="false"/>
						<line number="133" hits="640" branch="false"/>
						<line number="134" hits="4" branch="false"/>
						<line number="139" hits="160" branch="false"/>
						<line number="140" hits="160" branch="false"/>
						<line number="141" hits="160" branch="false"/>
						<line number="142" hits="160" branch="false"/>
						<line number="143" hits="160" branch="false"/>
						<line number="144" hits="160" branch="false"/>
						<line number="145" hits="160" branch="false"/>
						<line number="146" hits="160" branch="false"/>
						<line number="148" hits="160" branch="false"/>
						<line number="149" hits="160" branch="false"/>
						<line number="150" hits="160" branch="false"/>
						<line number="151" hits="160" branch="false"/>
						<line number="152" hits="160" branch="false"/>
						<line number="153" hits="160" branch="false"/>
						<line number="154" hits="160" branch="false"/>
						<line number="155" hits="160" branch="false"/>
						<line number="157" hits="160" branch="false"/>
						<line number="158" hits="160" branch="false"/>
						<line number="159" hits="160" branch="false"/>
						<line number="160" hits="160" branch="false"/>
						<line number="161" hits="160" branch="false"/>
						<line number="162" hits="160" branch="false"/>
						<line number="163" hits="160" branch="false"/>
						<line number="164" hits="160" branch="false"/>
						<line number="166" hits="160" branch="false"/>
						<line number="167" hits="160" branch="false"/>
						<line number="168" hits="160" branch="false"/>
						<line number="169" hits="160" branch="false"/>
						<line number="170" hits="160" branch="false"/>
						<line number="171" hits="160" branch="false"/>
						<line number="172" hits="160" branch="false"/>
						<line number="173" hits="160" branch="false"/>
						<line number="176" hits="160" branch="false"/>
						<line number="177" hits="2" branch="false"/>
						<line number="180" hits="160" branch="false"/>
						<line number="181" hits="2" branch="false"/>
						<line number="184" hits="160" branch="false"/>
						<line number="185" hits="2" branch="false"/>
						<line number="188" hits="160" branch="false"/>
						<line number="189" hits="2" branch="false"/>
						<line number="192" hits="160" branch="false"/>
						<line number="193" hits="2" branch="false"/>
						<line number="196" hits="160" branch="false"/>
						<line number="197" hits="2" branch="false"/>
						<line number="200" hits="160" branch="false"/>
						<line number="201" hits="2" branch="false"/>
						<line number="204" hits="160" branch="false"/>
						<line number="205" hits="10" branch="false"/>
						<line number="209" hits="160" branch="false"/>
						<line number="210" hits="1" branch="false"/>
						<line number="213" hits="160" branch="false"/>
						<line number="214" hits="1" branch="false"/>
						<line number="217" hits="160" branch="false"/>
						<line number="218" hits="1" branch="false"/>
						<line number="221" hits="160" branch="false"/>
						<line number="222" hits="1" branch="false"/>
						<line number="225" hits="160" branch="false"/>
						<line number="226" hits="1" branch="false"/>
						<line number="229" hits="160" branch="false"/>
						<line number="230" hits="1" branch="false"/>
						<line number="233" hits="160" branch="false"/>
						<line number="234" hits="1" branch="false"/>
						<line number="237" hits="160" branch="false"/>
						<line number="238" hits="1" branch="false"/>
						<line number="242" hits="160" branch="false"/>
						<line number="243" hits="1" branch="false"/>
						<line number="246" hits="160" branch="false"/>
						<line number="247" hits="1" branch="false"/>
						<line number="250" hits="160" branch="false"/>
						<line number="251" hits="1" branch="false"/>
						<line number="254" hits="160" branch="false"/>
						<line number="255" hits="1" branch="false"/>
						<line number="258" hits="160" branch="false"/>
						<line number="259" hits="1" branch="false"/>
						<line number="262" hits="160" branch="false"/>
						<line number="263" hits="1" branch="false"/>
						<line number="266" hits="160" branch="false"/>
						<line number="267" hits="1" branch="false"/>
						<line number="270" hits="160" branch="false"/>
						<line number="271" hits="1" branch="false"/>
						<line number="275" hits="160" branch="false"/>
						<line number="276" hits="1" branch="false"/>
						<line number="278" hits="160" branch="false"/>
						<line number="279" hits="1" branch="false"/>
						<line number="281" hits="160" branch="false"/>
						<line number="282" hits="1" branch="false"/>
						<line number="284" hits="160" branch="false"/>
						<line number="285" hits="1" branch="false"/>
						<line number="287" hits="160" branch="false"/>
						<line number="288" hits="1" branch="false"/>
						<line number="290" hits="160" branch="false"/>
						<line number="291" hits="1" branch="false"/>
						<line number="293" hits="160" branch="false"/>
						<line number="294" hits="1" branch="false"/>
						<line number="296" hits="160" branch="false"/>
						<line number="297" hits="1" branch="false"/>
					</lines>
				</class>
				<class name="theoricalPhaseController.js" filename="src/theoricalPhaseController.js" line-rate="0.985663082437276" branch-rate="0.0" complexity="0">
					<methods />
					<lines>
						<line number="5" hits="1" branch="false"/>
						<line number="7" hits="114" branch="false"/>
						<line number="8" hits="114" branch="false"/>
						<line number="9" hits="114" branch="false"/>
						<line number="10" hits="0" branch="false"/>
						<line number="11" hits="0" branch="false"/>
						<line number="15" hits="114" branch="false"/>
						<line number="16" hits="114" branch="false"/>
						<line number="17" hits="114" branch="false"/>
						<line number="18" hits="114" branch="false"/>
						<line number="19" hits="114" branch="false"/>
						<line number="21" hits="114" branch="false"/>
						<line number="22" hits="114" branch="false"/>
						<line number="23" hits="114" branch="false"/>
						<line number="24" hits="114" branch="false"/>
						<line number="26" hits="114" branch="false"/>
						<line number="27" hits="114" branch="false"/>
						<line number="30" hits="114" branch="false"/>
						<line number="31" hits="35" branch="false"/>
						<line number="34" hits="114" branch="false"/>
						<line number="35" hits="81" branch="false"/>
						<line number="38" hits="114" branch="false"/>
						<line number="39" hits="2" branch="false"/>
						<line number="42" hits="114" branch="false"/>
						<line number="43" hits="8" branch="false"/>
						<line number="46" hits="114" branch="false"/>
						<line number="47" hits="7" branch="false"/>
						<line number="50" hits="114" branch="false"/>
						<line number="51" hits="6" branch="false"/>
						<line number="54" hits="114" branch="false"/>
						<line number="55" hits="5" branch="false"/>
						<line number="58" hits="114" branch="false"/>
						<line number="59" hits="4" branch="false"/>
						<line number="62" hits="114" branch="false"/>
						<line number="63" hits="3" branch="false"/>
						<line number="66" hits="114" branch="false"/>
						<line number="67" hits="2" branch="false"/>
						<line number="70" hits="114" branch="false"/>
						<line number="71" hits="115" branch="false"/>
						<line number="72" hits="115" branch="false"/>
						<line number="73" hits="2300" branch="false"/>
						<line number="76" hits="115" branch="false"/>
						<line number="79" hits="114" branch="false"/>
						<line number="81" hits="114" branch="false"/>
						<line number="82" hits="115" branch="false"/>
						<line number="85" hits="114" branch="false"/>
						<line number="87" hits="114" branch="false"/>
						<line number="88" hits="115" branch="false"/>
						<line number="89" hits="115" branch="false"/>
						<line number="90" hits="805" branch="false"/>
						<line number="92" hits="115" branch="false"/>
						<line number="95" hits="114" branch="false"/>
						<line number="99" hits="114" branch="false"/>
						<line number="100" hits="114" branch="false"/>
						<line number="101" hits="114" branch="false"/>
						<line number="102" hits="114" branch="false"/>
						<line number="106" hits="114" branch="false"/>
						<line number="107" hits="129" branch="false"/>
						<line number="110" hits="114" branch="false"/>
						<line number="111" hits="44" branch="false"/>
						<line number="114" hits="114" branch="false"/>
						<line number="115" hits="40" branch="false"/>
						<line number="118" hits="114" branch="false"/>
						<line number="119" hits="36" branch="false"/>
						<line number="122" hits="114" branch="false"/>
						<line number="123" hits="1" branch="false"/>
						<line number="128" hits="114" branch="false"/>
						<line number="129" hits="7" branch="false"/>
						<line number="131" hits="114" branch="false"/>
						<line number="132" hits="7" branch="false"/>
						<line number="134" hits="114" branch="false"/>
						<line number="135" hits="7" branch="false"/>
						<line number="137" hits="114" branch="false"/>
						<line number="138" hits="7" branch="false"/>
						<line number="140" hits="114" branch="false"/>
						<line number="141" hits="3" branch="false"/>
						<line number="146" hits="114" branch="false"/>
						<line number="147" hits="108" branch="false"/>
						<line number="149" hits="114" branch="false"/>
						<line number="150" hits="25" branch="false"/>
						<line number="152" hits="114" branch="false"/>
						<line number="153" hits="23" branch="false"/>
						<line number="155" hits="114" branch="false"/>
						<line number="156" hits="21" branch="false"/>
						<line number="158" hits="114" branch="false"/>
						<line number="159" hits="2" branch="false"/>
						<line number="164" hits="114" branch="false"/>
						<line number="165" hits="4" branch="false"/>
						<line number="167" hits="114" branch="false"/>
						<line number="168" hits="4" branch="false"/>
						<line number="170" hits="114" branch="false"/>
						<line number="171" hits="4" branch="false"/>
						<line number="173" hits="114" branch="false"/>
						<line number="174" hits="4" branch="false"/>
						<line number="176" hits="114" branch="false"/>
						<line number="177" hits="2" branch="false"/>
						<line number="182" hits="114" branch="false"/>
						<line number="183" hits="1" branch="false"/>
						<line number="185" hits="114" branch="false"/>
						<line number="186" hits="1" branch="false"/>
						<line number="188" hits="114" branch="false"/>
						<line number="189" hits="1" branch="false"/>
						<line number="191" hits="114" branch="false"/>
						<line number="192" hits="1" branch="false"/>
						<line number="194" hits="114" branch="false"/>
						<line number="195" hits="1" branch="false"/>
						<line number="200" hits="114" branch="false"/>
						<line number="201" hits="1" branch="false"/>
						<line number="203" hits="114" branch="false"/>
						<line number="204" hits="1" branch="false"/>
						<line number="206" hits="114" branch="false"/>
						<line number="207" hits="1" branch="false"/>
						<line number="209" hits="114" branch="false"/>
						<line number="210" hits="2" branch="false"/>
						<line number="212" hits="114" branch="false"/>
						<line number="213" hits="1" branch="false"/>
						<line number="218" hits="114" branch="false"/>
						<line number="219" hits="23" branch="false"/>
						<line number="221" hits="114" branch="false"/>
						<line number="222" hits="21" branch="false"/>
						<line number="224" hits="114" branch="false"/>
						<line number="225" hits="19" branch="false"/>
						<line number="227" hits="114" branch="false"/>
						<line number="228" hits="17" branch="false"/>
						<line number="230" hits="114" branch="false"/>
						<line number="231" hits="8" branch="false"/>
						<line number="236" hits="114" branch="false"/>
						<line number="237" hits="10" branch="false"/>
						<line number="239" hits="114" branch="false"/>
						<line number="240" hits="7" branch="false"/>
						<line number="242" hits="114" branch="false"/>
						<line number="243" hits="5" branch="false"/>
						<line number="245" hits="114" branch="false"/>
						<line number="246" hits="3" branch="false"/>
						<line number="248" hits="114" branch="false"/>
						<line number="249" hits="1" branch="false"/>
						<line number="255" hits="114" branch="false"/>
						<line number="256" hits="1" branch="false"/>
						<line number="258" hits="114" branch="false"/>
						<line number="259" hits="1" branch="false"/>
						<line number="261" hits="114" branch="false"/>
						<line number="262" hits="1" branch="false"/>
						<line number="264" hits="114" branch="false"/>
						<line number="265" hits="2" branch="false"/>
						<line number="267" hits="114" branch="false"/>
						<line number="268" hits="1" branch="false"/>
						<line number="273" hits="114" branch="false"/>
						<line number="274" hits="1" branch="false"/>
						<line number="276" hits="114" branch="false"/>
						<line number="277" hits="1" branch="false"/>
						<line number="279" hits="114" branch="false"/>
						<line number="280" hits="1" branch="false"/>
						<line number="282" hits="114" branch="false"/>
						<line number="283" hits="1" branch="false"/>
						<line number="285" hits="114" branch="false"/>
						<line number="286" hits="1" branch="false"/>
						<line number="291" hits="114" branch="false"/>
						<line number="292" hits="1" branch="false"/>
						<line number="294" hits="114" branch="false"/>
						<line number="295" hits="1" branch="false"/>
						<line number="297" hits="114" branch="false"/>
						<line number="298" hits="1" branch="false"/>
						<line number="300" hits="114" branch="false"/>
						<line number="301" hits="1" branch="false"/>
						<line number="303" hits="114" branch="false"/>
						<line number="304" hits="1" branch="false"/>
						<line number="309" hits="114" branch="false"/>
						<line number="310" hits="1" branch="false"/>
						<line number="312" hits="114" branch="false"/>
						<line number="313" hits="1" branch="false"/>
						<line number="315" hits="114" branch="false"/>
						<line number="316" hits="1" branch="false"/>
						<line number="318" hits="114" branch="false"/>
						<line number="319" hits="1" branch="false"/>
						<line number="321" hits="114" branch="false"/>
						<line number="322" hits="1" branch="false"/>
						<line number="329" hits="114" branch="false"/>
						<line number="330" hits="20" branch="false"/>
						<line number="333" hits="114" branch="false"/>
						<line number="334" hits="20" branch="false"/>
						<line number="337" hits="114" branch="false"/>
						<line number="338" hits="20" branch="false"/>
						<line number="341" hits="114" branch="false"/>
						<line number="342" hits="20" branch="false"/>
						<line number="345" hits="114" branch="false"/>
						<line number="346" hits="10" branch="false"/>
						<line number="351" hits="114" branch="false"/>
						<line number="352" hits="8" branch="false"/>
						<line number="355" hits="114" branch="false"/>
						<line number="356" hits="8" branch="false"/>
						<line number="359" hits="114" branch="false"/>
						<line number="360" hits="8" branch="false"/>
						<line number="363" hits="114" branch="false"/>
						<line number="364" hits="8" branch="false"/>
						<line number="367" hits="114" branch="false"/>
						<line number="368" hits="8" branch="false"/>
						<line number="373" hits="114" branch="false"/>
						<line number="374" hits="4" branch="false"/>
						<line number="377" hits="114" branch="false"/>
						<line number="378" hits="4" branch="false"/>
						<line number="381" hits="114" branch="false"/>
						<line number="382" hits="4" branch="false"/>
						<line number="385" hits="114" branch="false"/>
						<line number="386" hits="4" branch="false"/>
						<line number="389" hits="114" branch="false"/>
						<line number="390" hits="3" branch="false"/>
						<line number="395" hits="114" branch="false"/>
						<line number="396" hits="2" branch="false"/>
						<line number="399" hits="114" branch="false"/>
						<line number="400" hits="2" branch="false"/>
						<line number="403" hits="114" branch="false"/>
						<line number="404" hits="2" branch="false"/>
						<line number="407" hits="114" branch="false"/>
						<line number="408" hits="2" branch="false"/>
						<line number="411" hits="114" branch="false"/>
						<line number="412" hits="2" branch="false"/>
						<line number="417" hits="114" branch="false"/>
						<line number="418" hits="1" branch="false"/>
						<line number="421" hits="114" branch="false"/>
						<line number="422" hits="1" branch="false"/>
						<line number="425" hits="114" branch="false"/>
						<line number="426" hits="1" branch="false"/>
						<line number="429" hits="114" branch="false"/>
						<line number="430" hits="1" branch="false"/>
						<line number="433" hits="114" branch="false"/>
						<line number="434" hits="2" branch="false"/>
						<line number="439" hits="114" branch="false"/>
						<line number="440" hits="2" branch="false"/>
						<line number="443" hits="114" branch="false"/>
						<line number="444" hits="2" branch="false"/>
						<line number="447" hits="114" branch="false"/>
						<line number="448" hits="2" branch="false"/>
						<line number="451" hits="114" branch="false"/>
						<line number="452" hits="2" branch="false"/>
						<line number="455" hits="114" branch="false"/>
						<line number="456" hits="1" branch="false"/>
						<line number="461" hits="114" branch="false"/>
						<line number="462" hits="1" branch="false"/>
						<line number="465" hits="114" branch="false"/>
						<line number="466" hits="1" branch="false"/>
						<line number="469" hits="114" branch="false"/>
						<line number="470" hits="1" branch="false"/>
						<line number="473" hits="114" branch="false"/>
						<line number="474" hits="1" branch="false"/>
						<line number="477" hits="114" branch="false"/>
						<line number="478" hits="1" branch="false"/>
						<line number="483" hits="114" branch="false"/>
						<line number="484" hits="1" branch="false"/>
						<line number="487" hits="114" branch="false"/>
						<line number="488" hits="1" branch="false"/>
						<line number="491" hits="114" branch="false"/>
						<line number="492" hits="1" branch="false"/>
						<line number="495" hits="114" branch="false"/>
						<line number="496" hits="1" branch="false"/>
						<line number="499" hits="114" branch="false"/>
						<line number="500" hits="1" branch="false"/>
						<line number="505" hits="114" branch="false"/>
						<line number="506" hits="1" branch="false"/>
						<line number="509" hits="114" branch="false"/>
						<line number="510" hits="1" branch="false"/>
						<line number="513" hits="114" branch="false"/>
						<line number="514" hits="1" branch="false"/>
						<line number="517" hits="114" branch="false"/>
						<line number="518" hits="1" branch="false"/>
						<line number="521" hits="114" branch="false"/>
						<line number="522" hits="1" branch="false"/>
						<line number="527" hits="114" branch="false"/>
						<line number="528" hits="1" branch="false"/>
						<line number="531" hits="114" branch="false"/>
						<line number="532" hits="1" branch="false"/>
						<line number="535" hits="114" branch="false"/>
						<line number="536" hits="1" branch="false"/>
						<line number="539" hits="114" branch="false"/>
						<line number="540" hits="1" branch="false"/>
						<line number="543" hits="114" branch="false"/>
						<line number="544" hits="1" branch="false"/>
						<line number="549" hits="114" branch="false"/>
						<line number="550" hits="0" branch="false"/>
						<line number="551" hits="0" branch="false"/>
					</lines>
				</class>
				<class name="app_test.js" filename="src/test/resources/app_test.js" line-rate="1.0" branch-rate="0.0" complexity="0">
					<methods />
					<lines>
						<line number="4" hits="1" branch="false"/>
					</lines>
				</class>
			</classes>
		</package>
	</packages>
</coverage>
